<?xml version="1.0" encoding="UTF-8"?>
<!-- Generated by org.testng.reporters.JUnitXMLReporter -->
<testsuite hostname="LAPTOP-A2TROOEB" failures="1" tests="2" name="Test" time="42.887" errors="0" timestamp="28 Dec 2023 10:19:15 GMT">
  <testcase classname="com_hrms_lib2.WD_Testng_Excell" name="tc001" time="0.003">
    <failure type="java.lang.NoClassDefFoundError" message="jxl/Workbook">
      <![CDATA[java.lang.NoClassDefFoundError: jxl/Workbook
	at com_hrms_lib2.WD_Testng_Excell.tc001(WD_Testng_Excell.java:32)
Caused by: java.lang.ClassNotFoundException: jxl.Workbook
	at java.base/jdk.internal.loader.BuiltinClassLoader.loadClass(BuiltinClassLoader.java:641)
	at java.base/jdk.internal.loader.ClassLoaders$AppClassLoader.loadClass(ClassLoaders.java:188)
	at java.base/java.lang.ClassLoader.loadClass(ClassLoader.java:520)
	... 24 more
... Removed 23 stack frames]]>
    </failure>
  </testcase> <!-- tc001 -->
  <testcase classname="com_hrms_testsripts2.TC001" name="tc001" time="32.483"/>
</testsuite> <!-- Test -->
