<?xml version="1.0" encoding="UTF-8"?>
<testng-results total="1" passed="1" failed="0" skipped="0">
  <reporter-output>
  </reporter-output>
  <suite started-at="2023-12-30T08:59:53Z" name="Default suite" finished-at="2023-12-30T09:00:04Z" duration-ms="10857">
    <groups>
    </groups>
    <test started-at="2023-12-30T08:59:53Z" name="Default test" finished-at="2023-12-30T09:00:04Z" duration-ms="10857">
      <class name="com_hrms_testsripts2.TC001">
        <test-method signature="tc001()[pri:0, instance:com_hrms_testsripts2.TC001@16b2bb0c]" started-at="2023-12-30T14:29:53Z" name="tc001" finished-at="2023-12-30T14:30:04Z" duration-ms="10813" status="PASS">
          <reporter-output>
          </reporter-output>
        </test-method> <!-- tc001 -->
      </class> <!-- com_hrms_testsripts2.TC001 -->
    </test> <!-- Default test -->
  </suite> <!-- Default suite -->
</testng-results>
